<?xml version="1.0" encoding="UTF-8"?>
<!-- Generated by org.testng.reporters.JUnitReportReporter -->
<testsuite hostname="DESKTOP-TSIN61J" failures="0" tests="1" name="Search_Funct.SearchF" time="35.024" errors="0" timestamp="2023-06-15T19:50:34 IST" skipped="0">
  <testcase classname="Search_Funct.SearchF" name="testSearchProducts" time="35.024"/>
  <system-out/>
</testsuite> <!-- Search_Funct.SearchF -->
