<?xml version="1.0" encoding="UTF-8"?>
<!-- Generated by org.testng.reporters.JUnitReportReporter -->
<testsuite hostname="DESKTOP-TSIN61J" failures="0" tests="1" name="Search_Funct.Search_Functinality" time="24.547" errors="0" timestamp="2023-06-15T17:54:15 IST" skipped="0">
  <testcase classname="Search_Funct.Search_Functinality" name="search" time="24.547"/>
  <system-out/>
</testsuite> <!-- Search_Funct.Search_Functinality -->
